{
  "F:\\Users\\Documents\\MyDocument\\study\\develop\\create-pseudo-transparent-icon\\src\\core\\BaseElement.ts": {
    "path": "F:\\Users\\Documents\\MyDocument\\study\\develop\\create-pseudo-transparent-icon\\src\\core\\BaseElement.ts",
    "all": true,
    "statementMap": {
      "124": {
        "start": { "line": 125, "column": 0 },
        "end": { "line": 125, "column": 16 }
      },
      "125": {
        "start": { "line": 126, "column": 0 },
        "end": { "line": 126, "column": 11 }
      },
      "126": {
        "start": { "line": 127, "column": 0 },
        "end": { "line": 127, "column": 17 }
      },
      "127": {
        "start": { "line": 128, "column": 0 },
        "end": { "line": 128, "column": 24 }
      },
      "128": {
        "start": { "line": 129, "column": 0 },
        "end": { "line": 129, "column": 19 }
      },
      "129": {
        "start": { "line": 130, "column": 0 },
        "end": { "line": 130, "column": 10 }
      },
      "130": {
        "start": { "line": 131, "column": 0 },
        "end": { "line": 131, "column": 16 }
      },
      "131": {
        "start": { "line": 132, "column": 0 },
        "end": { "line": 132, "column": 16 }
      },
      "132": {
        "start": { "line": 133, "column": 0 },
        "end": { "line": 133, "column": 17 }
      },
      "133": {
        "start": { "line": 134, "column": 0 },
        "end": { "line": 134, "column": 9 }
      },
      "134": {
        "start": { "line": 135, "column": 0 },
        "end": { "line": 135, "column": 11 }
      },
      "135": {
        "start": { "line": 136, "column": 0 },
        "end": { "line": 136, "column": 12 }
      },
      "136": {
        "start": { "line": 137, "column": 0 },
        "end": { "line": 137, "column": 19 }
      },
      "137": {
        "start": { "line": 138, "column": 0 },
        "end": { "line": 138, "column": 11 }
      },
      "138": {
        "start": { "line": 139, "column": 0 },
        "end": { "line": 139, "column": 10 }
      },
      "139": {
        "start": { "line": 140, "column": 0 },
        "end": { "line": 140, "column": 10 }
      },
      "140": {
        "start": { "line": 141, "column": 0 },
        "end": { "line": 141, "column": 37 }
      },
      "141": {
        "start": { "line": 142, "column": 0 },
        "end": { "line": 142, "column": 16 }
      },
      "142": {
        "start": { "line": 143, "column": 0 },
        "end": { "line": 143, "column": 16 }
      },
      "143": {
        "start": { "line": 144, "column": 0 },
        "end": { "line": 144, "column": 20 }
      },
      "144": {
        "start": { "line": 145, "column": 0 },
        "end": { "line": 145, "column": 14 }
      },
      "145": {
        "start": { "line": 146, "column": 0 },
        "end": { "line": 146, "column": 13 }
      },
      "146": {
        "start": { "line": 147, "column": 0 },
        "end": { "line": 147, "column": 9 }
      },
      "147": {
        "start": { "line": 148, "column": 0 },
        "end": { "line": 148, "column": 12 }
      },
      "148": {
        "start": { "line": 149, "column": 0 },
        "end": { "line": 149, "column": 14 }
      },
      "149": {
        "start": { "line": 150, "column": 0 },
        "end": { "line": 150, "column": 14 }
      },
      "150": {
        "start": { "line": 151, "column": 0 },
        "end": { "line": 151, "column": 13 }
      },
      "151": {
        "start": { "line": 152, "column": 0 },
        "end": { "line": 152, "column": 14 }
      },
      "152": {
        "start": { "line": 153, "column": 0 },
        "end": { "line": 153, "column": 9 }
      },
      "153": {
        "start": { "line": 154, "column": 0 },
        "end": { "line": 154, "column": 19 }
      },
      "154": {
        "start": { "line": 155, "column": 0 },
        "end": { "line": 155, "column": 12 }
      },
      "155": {
        "start": { "line": 156, "column": 0 },
        "end": { "line": 156, "column": 10 }
      },
      "156": {
        "start": { "line": 157, "column": 0 },
        "end": { "line": 157, "column": 10 }
      },
      "157": {
        "start": { "line": 158, "column": 0 },
        "end": { "line": 158, "column": 10 }
      },
      "158": {
        "start": { "line": 159, "column": 0 },
        "end": { "line": 159, "column": 13 }
      },
      "159": {
        "start": { "line": 160, "column": 0 },
        "end": { "line": 160, "column": 10 }
      },
      "160": {
        "start": { "line": 161, "column": 0 },
        "end": { "line": 161, "column": 12 }
      },
      "161": {
        "start": { "line": 162, "column": 0 },
        "end": { "line": 162, "column": 12 }
      },
      "162": {
        "start": { "line": 163, "column": 0 },
        "end": { "line": 163, "column": 13 }
      },
      "163": {
        "start": { "line": 164, "column": 0 },
        "end": { "line": 164, "column": 10 }
      },
      "164": {
        "start": { "line": 165, "column": 0 },
        "end": { "line": 165, "column": 9 }
      },
      "165": {
        "start": { "line": 166, "column": 0 },
        "end": { "line": 166, "column": 15 }
      },
      "166": {
        "start": { "line": 167, "column": 0 },
        "end": { "line": 167, "column": 19 }
      },
      "167": {
        "start": { "line": 168, "column": 0 },
        "end": { "line": 168, "column": 14 }
      },
      "168": {
        "start": { "line": 169, "column": 0 },
        "end": { "line": 169, "column": 14 }
      },
      "169": {
        "start": { "line": 170, "column": 0 },
        "end": { "line": 170, "column": 15 }
      },
      "170": {
        "start": { "line": 171, "column": 0 },
        "end": { "line": 171, "column": 15 }
      },
      "171": {
        "start": { "line": 172, "column": 0 },
        "end": { "line": 172, "column": 14 }
      },
      "172": {
        "start": { "line": 173, "column": 0 },
        "end": { "line": 173, "column": 13 }
      },
      "173": {
        "start": { "line": 174, "column": 0 },
        "end": { "line": 174, "column": 14 }
      },
      "174": {
        "start": { "line": 175, "column": 0 },
        "end": { "line": 175, "column": 12 }
      },
      "175": {
        "start": { "line": 176, "column": 0 },
        "end": { "line": 176, "column": 15 }
      },
      "176": {
        "start": { "line": 177, "column": 0 },
        "end": { "line": 177, "column": 10 }
      },
      "177": {
        "start": { "line": 178, "column": 0 },
        "end": { "line": 178, "column": 9 }
      },
      "178": {
        "start": { "line": 179, "column": 0 },
        "end": { "line": 179, "column": 12 }
      },
      "179": {
        "start": { "line": 180, "column": 0 },
        "end": { "line": 180, "column": 13 }
      },
      "180": {
        "start": { "line": 181, "column": 0 },
        "end": { "line": 181, "column": 15 }
      },
      "181": {
        "start": { "line": 182, "column": 0 },
        "end": { "line": 182, "column": 10 }
      },
      "182": {
        "start": { "line": 183, "column": 0 },
        "end": { "line": 183, "column": 11 }
      },
      "183": {
        "start": { "line": 184, "column": 0 },
        "end": { "line": 184, "column": 11 }
      },
      "184": {
        "start": { "line": 185, "column": 0 },
        "end": { "line": 185, "column": 28 }
      },
      "185": {
        "start": { "line": 186, "column": 0 },
        "end": { "line": 186, "column": 11 }
      },
      "186": {
        "start": { "line": 187, "column": 0 },
        "end": { "line": 187, "column": 12 }
      },
      "187": {
        "start": { "line": 188, "column": 0 },
        "end": { "line": 188, "column": 11 }
      },
      "188": {
        "start": { "line": 189, "column": 0 },
        "end": { "line": 189, "column": 15 }
      },
      "189": {
        "start": { "line": 190, "column": 0 },
        "end": { "line": 190, "column": 12 }
      },
      "190": {
        "start": { "line": 191, "column": 0 },
        "end": { "line": 191, "column": 11 }
      },
      "191": {
        "start": { "line": 192, "column": 0 },
        "end": { "line": 192, "column": 12 }
      },
      "192": {
        "start": { "line": 193, "column": 0 },
        "end": { "line": 193, "column": 15 }
      },
      "193": {
        "start": { "line": 194, "column": 0 },
        "end": { "line": 194, "column": 11 }
      },
      "194": {
        "start": { "line": 195, "column": 0 },
        "end": { "line": 195, "column": 17 }
      },
      "195": {
        "start": { "line": 196, "column": 0 },
        "end": { "line": 196, "column": 12 }
      },
      "196": {
        "start": { "line": 197, "column": 0 },
        "end": { "line": 197, "column": 23 }
      },
      "197": {
        "start": { "line": 198, "column": 0 },
        "end": { "line": 198, "column": 29 }
      },
      "198": {
        "start": { "line": 199, "column": 0 },
        "end": { "line": 199, "column": 25 }
      },
      "199": {
        "start": { "line": 200, "column": 0 },
        "end": { "line": 200, "column": 24 }
      },
      "200": {
        "start": { "line": 201, "column": 0 },
        "end": { "line": 201, "column": 10 }
      },
      "201": {
        "start": { "line": 202, "column": 0 },
        "end": { "line": 202, "column": 13 }
      },
      "202": {
        "start": { "line": 203, "column": 0 },
        "end": { "line": 203, "column": 22 }
      },
      "203": {
        "start": { "line": 204, "column": 0 },
        "end": { "line": 204, "column": 23 }
      },
      "204": {
        "start": { "line": 205, "column": 0 },
        "end": { "line": 205, "column": 16 }
      },
      "205": {
        "start": { "line": 206, "column": 0 },
        "end": { "line": 206, "column": 16 }
      },
      "206": {
        "start": { "line": 207, "column": 0 },
        "end": { "line": 207, "column": 21 }
      },
      "207": {
        "start": { "line": 208, "column": 0 },
        "end": { "line": 208, "column": 14 }
      },
      "208": {
        "start": { "line": 209, "column": 0 },
        "end": { "line": 209, "column": 18 }
      },
      "209": {
        "start": { "line": 210, "column": 0 },
        "end": { "line": 210, "column": 16 }
      },
      "210": {
        "start": { "line": 211, "column": 0 },
        "end": { "line": 211, "column": 15 }
      },
      "211": {
        "start": { "line": 212, "column": 0 },
        "end": { "line": 212, "column": 17 }
      },
      "212": {
        "start": { "line": 213, "column": 0 },
        "end": { "line": 213, "column": 17 }
      },
      "213": {
        "start": { "line": 214, "column": 0 },
        "end": { "line": 214, "column": 16 }
      },
      "214": {
        "start": { "line": 215, "column": 0 },
        "end": { "line": 215, "column": 20 }
      },
      "215": {
        "start": { "line": 216, "column": 0 },
        "end": { "line": 216, "column": 17 }
      },
      "216": {
        "start": { "line": 217, "column": 0 },
        "end": { "line": 217, "column": 23 }
      },
      "217": {
        "start": { "line": 218, "column": 0 },
        "end": { "line": 218, "column": 19 }
      },
      "218": {
        "start": { "line": 219, "column": 0 },
        "end": { "line": 219, "column": 18 }
      },
      "219": {
        "start": { "line": 220, "column": 0 },
        "end": { "line": 220, "column": 20 }
      },
      "220": {
        "start": { "line": 221, "column": 0 },
        "end": { "line": 221, "column": 18 }
      },
      "221": {
        "start": { "line": 222, "column": 0 },
        "end": { "line": 222, "column": 21 }
      },
      "222": {
        "start": { "line": 223, "column": 0 },
        "end": { "line": 223, "column": 15 }
      },
      "223": {
        "start": { "line": 224, "column": 0 },
        "end": { "line": 224, "column": 16 }
      },
      "224": {
        "start": { "line": 225, "column": 0 },
        "end": { "line": 225, "column": 17 }
      },
      "225": {
        "start": { "line": 226, "column": 0 },
        "end": { "line": 226, "column": 15 }
      },
      "226": {
        "start": { "line": 227, "column": 0 },
        "end": { "line": 227, "column": 19 }
      },
      "227": {
        "start": { "line": 228, "column": 0 },
        "end": { "line": 228, "column": 12 }
      },
      "228": {
        "start": { "line": 229, "column": 0 },
        "end": { "line": 229, "column": 17 }
      },
      "229": {
        "start": { "line": 230, "column": 0 },
        "end": { "line": 230, "column": 12 }
      },
      "230": {
        "start": { "line": 231, "column": 0 },
        "end": { "line": 231, "column": 11 }
      },
      "231": {
        "start": { "line": 232, "column": 0 },
        "end": { "line": 232, "column": 13 }
      },
      "232": {
        "start": { "line": 233, "column": 0 },
        "end": { "line": 233, "column": 13 }
      },
      "233": {
        "start": { "line": 234, "column": 0 },
        "end": { "line": 234, "column": 13 }
      },
      "234": {
        "start": { "line": 235, "column": 0 },
        "end": { "line": 235, "column": 21 }
      },
      "235": {
        "start": { "line": 236, "column": 0 },
        "end": { "line": 236, "column": 12 }
      },
      "236": {
        "start": { "line": 237, "column": 0 },
        "end": { "line": 237, "column": 23 }
      },
      "237": {
        "start": { "line": 238, "column": 0 },
        "end": { "line": 238, "column": 11 }
      },
      "238": {
        "start": { "line": 239, "column": 0 },
        "end": { "line": 239, "column": 17 }
      },
      "239": {
        "start": { "line": 240, "column": 0 },
        "end": { "line": 240, "column": 22 }
      },
      "240": {
        "start": { "line": 241, "column": 0 },
        "end": { "line": 241, "column": 30 }
      },
      "241": {
        "start": { "line": 242, "column": 0 },
        "end": { "line": 242, "column": 13 }
      },
      "242": {
        "start": { "line": 243, "column": 0 },
        "end": { "line": 243, "column": 15 }
      },
      "243": {
        "start": { "line": 244, "column": 0 },
        "end": { "line": 244, "column": 13 }
      },
      "244": {
        "start": { "line": 245, "column": 0 },
        "end": { "line": 245, "column": 20 }
      },
      "248": {
        "start": { "line": 249, "column": 0 },
        "end": { "line": 249, "column": 50 }
      },
      "257": {
        "start": { "line": 258, "column": 0 },
        "end": { "line": 258, "column": 54 }
      },
      "258": {
        "start": { "line": 259, "column": 0 },
        "end": { "line": 259, "column": 24 }
      },
      "261": {
        "start": { "line": 262, "column": 0 },
        "end": { "line": 262, "column": 34 }
      },
      "264": {
        "start": { "line": 265, "column": 0 },
        "end": { "line": 265, "column": 33 }
      },
      "267": {
        "start": { "line": 268, "column": 0 },
        "end": { "line": 268, "column": 37 }
      },
      "270": {
        "start": { "line": 271, "column": 0 },
        "end": { "line": 271, "column": 71 }
      },
      "273": {
        "start": { "line": 274, "column": 0 },
        "end": { "line": 274, "column": 45 }
      },
      "276": {
        "start": { "line": 277, "column": 0 },
        "end": { "line": 277, "column": 58 }
      },
      "279": {
        "start": { "line": 280, "column": 0 },
        "end": { "line": 280, "column": 70 }
      },
      "282": {
        "start": { "line": 283, "column": 0 },
        "end": { "line": 283, "column": 43 }
      },
      "285": {
        "start": { "line": 286, "column": 0 },
        "end": { "line": 286, "column": 55 }
      },
      "288": {
        "start": { "line": 289, "column": 0 },
        "end": { "line": 289, "column": 45 }
      },
      "291": {
        "start": { "line": 292, "column": 0 },
        "end": { "line": 292, "column": 22 }
      },
      "296": {
        "start": { "line": 297, "column": 0 },
        "end": { "line": 297, "column": 15 }
      },
      "299": {
        "start": { "line": 300, "column": 0 },
        "end": { "line": 300, "column": 51 }
      },
      "301": {
        "start": { "line": 302, "column": 0 },
        "end": { "line": 302, "column": 17 }
      },
      "302": {
        "start": { "line": 303, "column": 0 },
        "end": { "line": 303, "column": 11 }
      },
      "303": {
        "start": { "line": 304, "column": 0 },
        "end": { "line": 304, "column": 3 }
      },
      "305": {
        "start": { "line": 306, "column": 0 },
        "end": { "line": 306, "column": 48 }
      },
      "306": {
        "start": { "line": 307, "column": 0 },
        "end": { "line": 307, "column": 38 }
      },
      "307": {
        "start": { "line": 308, "column": 0 },
        "end": { "line": 308, "column": 34 }
      },
      "308": {
        "start": { "line": 309, "column": 0 },
        "end": { "line": 309, "column": 56 }
      },
      "309": {
        "start": { "line": 310, "column": 0 },
        "end": { "line": 310, "column": 7 }
      },
      "310": {
        "start": { "line": 311, "column": 0 },
        "end": { "line": 311, "column": 18 }
      },
      "311": {
        "start": { "line": 312, "column": 0 },
        "end": { "line": 312, "column": 5 }
      },
      "313": {
        "start": { "line": 314, "column": 0 },
        "end": { "line": 314, "column": 29 }
      },
      "315": {
        "start": { "line": 316, "column": 0 },
        "end": { "line": 316, "column": 65 }
      },
      "316": {
        "start": { "line": 317, "column": 0 },
        "end": { "line": 317, "column": 41 }
      },
      "317": {
        "start": { "line": 318, "column": 0 },
        "end": { "line": 318, "column": 43 }
      },
      "318": {
        "start": { "line": 319, "column": 0 },
        "end": { "line": 319, "column": 7 }
      },
      "319": {
        "start": { "line": 320, "column": 0 },
        "end": { "line": 320, "column": 6 }
      },
      "321": {
        "start": { "line": 322, "column": 0 },
        "end": { "line": 322, "column": 58 }
      },
      "322": {
        "start": { "line": 323, "column": 0 },
        "end": { "line": 323, "column": 66 }
      },
      "323": {
        "start": { "line": 324, "column": 0 },
        "end": { "line": 324, "column": 51 }
      },
      "324": {
        "start": { "line": 325, "column": 0 },
        "end": { "line": 325, "column": 7 }
      },
      "325": {
        "start": { "line": 326, "column": 0 },
        "end": { "line": 326, "column": 5 }
      },
      "326": {
        "start": { "line": 327, "column": 0 },
        "end": { "line": 327, "column": 31 }
      },
      "328": {
        "start": { "line": 329, "column": 0 },
        "end": { "line": 329, "column": 20 }
      },
      "329": {
        "start": { "line": 330, "column": 0 },
        "end": { "line": 330, "column": 19 }
      },
      "330": {
        "start": { "line": 331, "column": 0 },
        "end": { "line": 331, "column": 22 }
      },
      "332": {
        "start": { "line": 333, "column": 0 },
        "end": { "line": 333, "column": 47 }
      },
      "333": {
        "start": { "line": 334, "column": 0 },
        "end": { "line": 334, "column": 40 }
      },
      "334": {
        "start": { "line": 335, "column": 0 },
        "end": { "line": 335, "column": 5 }
      },
      "335": {
        "start": { "line": 336, "column": 0 },
        "end": { "line": 336, "column": 31 }
      },
      "337": {
        "start": { "line": 338, "column": 0 },
        "end": { "line": 338, "column": 28 }
      },
      "338": {
        "start": { "line": 339, "column": 0 },
        "end": { "line": 339, "column": 38 }
      },
      "339": {
        "start": { "line": 340, "column": 0 },
        "end": { "line": 340, "column": 37 }
      },
      "340": {
        "start": { "line": 341, "column": 0 },
        "end": { "line": 341, "column": 5 }
      },
      "341": {
        "start": { "line": 342, "column": 0 },
        "end": { "line": 342, "column": 22 }
      },
      "343": {
        "start": { "line": 344, "column": 0 },
        "end": { "line": 344, "column": 25 }
      },
      "344": {
        "start": { "line": 345, "column": 0 },
        "end": { "line": 345, "column": 35 }
      },
      "345": {
        "start": { "line": 346, "column": 0 },
        "end": { "line": 346, "column": 34 }
      },
      "346": {
        "start": { "line": 347, "column": 0 },
        "end": { "line": 347, "column": 5 }
      },
      "347": {
        "start": { "line": 348, "column": 0 },
        "end": { "line": 348, "column": 19 }
      },
      "349": {
        "start": { "line": 350, "column": 0 },
        "end": { "line": 350, "column": 33 }
      },
      "351": {
        "start": { "line": 352, "column": 0 },
        "end": { "line": 352, "column": 32 }
      },
      "353": {
        "start": { "line": 354, "column": 0 },
        "end": { "line": 354, "column": 15 }
      },
      "354": {
        "start": { "line": 355, "column": 0 },
        "end": { "line": 355, "column": 3 }
      },
      "355": {
        "start": { "line": 356, "column": 0 },
        "end": { "line": 356, "column": 1 }
      }
    },
    "s": {
      "124": 0,
      "125": 0,
      "126": 0,
      "127": 0,
      "128": 0,
      "129": 0,
      "130": 0,
      "131": 0,
      "132": 0,
      "133": 0,
      "134": 0,
      "135": 0,
      "136": 0,
      "137": 0,
      "138": 0,
      "139": 0,
      "140": 0,
      "141": 0,
      "142": 0,
      "143": 0,
      "144": 0,
      "145": 0,
      "146": 0,
      "147": 0,
      "148": 0,
      "149": 0,
      "150": 0,
      "151": 0,
      "152": 0,
      "153": 0,
      "154": 0,
      "155": 0,
      "156": 0,
      "157": 0,
      "158": 0,
      "159": 0,
      "160": 0,
      "161": 0,
      "162": 0,
      "163": 0,
      "164": 0,
      "165": 0,
      "166": 0,
      "167": 0,
      "168": 0,
      "169": 0,
      "170": 0,
      "171": 0,
      "172": 0,
      "173": 0,
      "174": 0,
      "175": 0,
      "176": 0,
      "177": 0,
      "178": 0,
      "179": 0,
      "180": 0,
      "181": 0,
      "182": 0,
      "183": 0,
      "184": 0,
      "185": 0,
      "186": 0,
      "187": 0,
      "188": 0,
      "189": 0,
      "190": 0,
      "191": 0,
      "192": 0,
      "193": 0,
      "194": 0,
      "195": 0,
      "196": 0,
      "197": 0,
      "198": 0,
      "199": 0,
      "200": 0,
      "201": 0,
      "202": 0,
      "203": 0,
      "204": 0,
      "205": 0,
      "206": 0,
      "207": 0,
      "208": 0,
      "209": 0,
      "210": 0,
      "211": 0,
      "212": 0,
      "213": 0,
      "214": 0,
      "215": 0,
      "216": 0,
      "217": 0,
      "218": 0,
      "219": 0,
      "220": 0,
      "221": 0,
      "222": 0,
      "223": 0,
      "224": 0,
      "225": 0,
      "226": 0,
      "227": 0,
      "228": 0,
      "229": 0,
      "230": 0,
      "231": 0,
      "232": 0,
      "233": 0,
      "234": 0,
      "235": 0,
      "236": 0,
      "237": 0,
      "238": 0,
      "239": 0,
      "240": 0,
      "241": 0,
      "242": 0,
      "243": 0,
      "244": 0,
      "248": 0,
      "257": 0,
      "258": 0,
      "261": 0,
      "264": 0,
      "267": 0,
      "270": 0,
      "273": 0,
      "276": 0,
      "279": 0,
      "282": 0,
      "285": 0,
      "288": 0,
      "291": 0,
      "296": 0,
      "299": 0,
      "301": 0,
      "302": 0,
      "303": 0,
      "305": 0,
      "306": 0,
      "307": 0,
      "308": 0,
      "309": 0,
      "310": 0,
      "311": 0,
      "313": 0,
      "315": 0,
      "316": 0,
      "317": 0,
      "318": 0,
      "319": 0,
      "321": 0,
      "322": 0,
      "323": 0,
      "324": 0,
      "325": 0,
      "326": 0,
      "328": 0,
      "329": 0,
      "330": 0,
      "332": 0,
      "333": 0,
      "334": 0,
      "335": 0,
      "337": 0,
      "338": 0,
      "339": 0,
      "340": 0,
      "341": 0,
      "343": 0,
      "344": 0,
      "345": 0,
      "346": 0,
      "347": 0,
      "349": 0,
      "351": 0,
      "353": 0,
      "354": 0,
      "355": 0
    },
    "branchMap": {
      "0": {
        "type": "branch",
        "line": 1,
        "loc": {
          "start": { "line": 1, "column": 6746 },
          "end": { "line": 356, "column": 1 }
        },
        "locations": [
          {
            "start": { "line": 1, "column": 6746 },
            "end": { "line": 356, "column": 1 }
          }
        ]
      }
    },
    "b": { "0": [1] },
    "fnMap": {
      "0": {
        "name": "(empty-report)",
        "decl": {
          "start": { "line": 1, "column": 6746 },
          "end": { "line": 356, "column": 1 }
        },
        "loc": {
          "start": { "line": 1, "column": 6746 },
          "end": { "line": 356, "column": 1 }
        },
        "line": 1
      }
    },
    "f": { "0": 1 }
  },
  "F:\\Users\\Documents\\MyDocument\\study\\develop\\create-pseudo-transparent-icon\\src\\core\\Dependency.ts": {
    "path": "F:\\Users\\Documents\\MyDocument\\study\\develop\\create-pseudo-transparent-icon\\src\\core\\Dependency.ts",
    "all": false,
    "statementMap": {
      "0": {
        "start": { "line": 1, "column": 0 },
        "end": { "line": 1, "column": 55 }
      },
      "1": {
        "start": { "line": 23, "column": 0 },
        "end": { "line": 23, "column": 49 }
      },
      "2": {
        "start": { "line": 26, "column": 0 },
        "end": { "line": 26, "column": 63 }
      },
      "3": {
        "start": { "line": 29, "column": 0 },
        "end": { "line": 29, "column": 73 }
      },
      "4": {
        "start": { "line": 35, "column": 0 },
        "end": { "line": 35, "column": 45 }
      },
      "5": {
        "start": { "line": 50, "column": 0 },
        "end": { "line": 50, "column": 56 }
      },
      "6": {
        "start": { "line": 51, "column": 0 },
        "end": { "line": 51, "column": 19 }
      },
      "7": {
        "start": { "line": 52, "column": 0 },
        "end": { "line": 52, "column": 37 }
      },
      "8": {
        "start": { "line": 55, "column": 0 },
        "end": { "line": 55, "column": 26 }
      },
      "9": {
        "start": { "line": 56, "column": 0 },
        "end": { "line": 56, "column": 34 }
      },
      "10": {
        "start": { "line": 57, "column": 0 },
        "end": { "line": 57, "column": 37 }
      },
      "11": {
        "start": { "line": 58, "column": 0 },
        "end": { "line": 58, "column": 36 }
      },
      "12": {
        "start": { "line": 59, "column": 0 },
        "end": { "line": 59, "column": 10 }
      },
      "13": {
        "start": { "line": 60, "column": 0 },
        "end": { "line": 60, "column": 32 }
      },
      "14": {
        "start": { "line": 61, "column": 0 },
        "end": { "line": 61, "column": 15 }
      },
      "15": {
        "start": { "line": 62, "column": 0 },
        "end": { "line": 62, "column": 17 }
      },
      "16": {
        "start": { "line": 63, "column": 0 },
        "end": { "line": 63, "column": 5 }
      },
      "17": {
        "start": { "line": 64, "column": 0 },
        "end": { "line": 64, "column": 14 }
      },
      "18": {
        "start": { "line": 65, "column": 0 },
        "end": { "line": 65, "column": 30 }
      },
      "19": {
        "start": { "line": 66, "column": 0 },
        "end": { "line": 66, "column": 35 }
      },
      "20": {
        "start": { "line": 67, "column": 0 },
        "end": { "line": 67, "column": 5 }
      },
      "21": {
        "start": { "line": 68, "column": 0 },
        "end": { "line": 68, "column": 63 }
      },
      "22": {
        "start": { "line": 69, "column": 0 },
        "end": { "line": 69, "column": 28 }
      },
      "23": {
        "start": { "line": 70, "column": 0 },
        "end": { "line": 70, "column": 54 }
      },
      "24": {
        "start": { "line": 71, "column": 0 },
        "end": { "line": 71, "column": 48 }
      },
      "25": {
        "start": { "line": 72, "column": 0 },
        "end": { "line": 72, "column": 31 }
      },
      "26": {
        "start": { "line": 73, "column": 0 },
        "end": { "line": 73, "column": 13 }
      },
      "27": {
        "start": { "line": 74, "column": 0 },
        "end": { "line": 74, "column": 39 }
      },
      "28": {
        "start": { "line": 75, "column": 0 },
        "end": { "line": 75, "column": 22 }
      },
      "29": {
        "start": { "line": 76, "column": 0 },
        "end": { "line": 76, "column": 8 }
      },
      "30": {
        "start": { "line": 77, "column": 0 },
        "end": { "line": 77, "column": 40 }
      },
      "31": {
        "start": { "line": 78, "column": 0 },
        "end": { "line": 78, "column": 5 }
      },
      "32": {
        "start": { "line": 79, "column": 0 },
        "end": { "line": 79, "column": 38 }
      },
      "33": {
        "start": { "line": 80, "column": 0 },
        "end": { "line": 80, "column": 52 }
      },
      "34": {
        "start": { "line": 81, "column": 0 },
        "end": { "line": 81, "column": 4 }
      },
      "35": {
        "start": { "line": 82, "column": 0 },
        "end": { "line": 82, "column": 1 }
      },
      "36": {
        "start": { "line": 85, "column": 0 },
        "end": { "line": 85, "column": 38 }
      },
      "37": {
        "start": { "line": 87, "column": 0 },
        "end": { "line": 87, "column": 46 }
      },
      "38": {
        "start": { "line": 90, "column": 0 },
        "end": { "line": 90, "column": 31 }
      },
      "39": {
        "start": { "line": 91, "column": 0 },
        "end": { "line": 91, "column": 9 }
      },
      "40": {
        "start": { "line": 92, "column": 0 },
        "end": { "line": 92, "column": 8 }
      },
      "41": {
        "start": { "line": 93, "column": 0 },
        "end": { "line": 93, "column": 10 }
      },
      "42": {
        "start": { "line": 94, "column": 0 },
        "end": { "line": 94, "column": 12 }
      },
      "43": {
        "start": { "line": 95, "column": 0 },
        "end": { "line": 95, "column": 11 }
      },
      "44": {
        "start": { "line": 96, "column": 0 },
        "end": { "line": 96, "column": 9 }
      },
      "45": {
        "start": { "line": 97, "column": 0 },
        "end": { "line": 97, "column": 12 }
      },
      "46": {
        "start": { "line": 98, "column": 0 },
        "end": { "line": 98, "column": 15 }
      },
      "47": {
        "start": { "line": 99, "column": 0 },
        "end": { "line": 99, "column": 8 }
      },
      "48": {
        "start": { "line": 100, "column": 0 },
        "end": { "line": 100, "column": 1 }
      },
      "49": {
        "start": { "line": 103, "column": 0 },
        "end": { "line": 103, "column": 53 }
      },
      "50": {
        "start": { "line": 115, "column": 0 },
        "end": { "line": 115, "column": 31 }
      },
      "51": {
        "start": { "line": 116, "column": 0 },
        "end": { "line": 116, "column": 14 }
      },
      "52": {
        "start": { "line": 119, "column": 0 },
        "end": { "line": 119, "column": 7 }
      },
      "53": {
        "start": { "line": 120, "column": 0 },
        "end": { "line": 120, "column": 21 }
      },
      "54": {
        "start": { "line": 122, "column": 0 },
        "end": { "line": 122, "column": 9 }
      },
      "55": {
        "start": { "line": 123, "column": 0 },
        "end": { "line": 123, "column": 1 }
      },
      "56": {
        "start": { "line": 125, "column": 0 },
        "end": { "line": 125, "column": 30 }
      },
      "57": {
        "start": { "line": 126, "column": 0 },
        "end": { "line": 126, "column": 13 }
      },
      "58": {
        "start": { "line": 127, "column": 0 },
        "end": { "line": 127, "column": 72 }
      },
      "59": {
        "start": { "line": 128, "column": 0 },
        "end": { "line": 128, "column": 10 }
      },
      "60": {
        "start": { "line": 129, "column": 0 },
        "end": { "line": 129, "column": 71 }
      },
      "61": {
        "start": { "line": 130, "column": 0 },
        "end": { "line": 130, "column": 23 }
      },
      "62": {
        "start": { "line": 131, "column": 0 },
        "end": { "line": 131, "column": 19 }
      },
      "63": {
        "start": { "line": 133, "column": 0 },
        "end": { "line": 133, "column": 1 }
      },
      "64": {
        "start": { "line": 145, "column": 0 },
        "end": { "line": 145, "column": 76 }
      },
      "65": {
        "start": { "line": 146, "column": 0 },
        "end": { "line": 146, "column": 14 }
      },
      "66": {
        "start": { "line": 147, "column": 0 },
        "end": { "line": 147, "column": 28 }
      },
      "67": {
        "start": { "line": 148, "column": 0 },
        "end": { "line": 148, "column": 10 }
      },
      "68": {
        "start": { "line": 149, "column": 0 },
        "end": { "line": 149, "column": 20 }
      },
      "69": {
        "start": { "line": 150, "column": 0 },
        "end": { "line": 150, "column": 32 }
      },
      "70": {
        "start": { "line": 151, "column": 0 },
        "end": { "line": 151, "column": 48 }
      },
      "71": {
        "start": { "line": 153, "column": 0 },
        "end": { "line": 153, "column": 1 }
      },
      "72": {
        "start": { "line": 160, "column": 0 },
        "end": { "line": 160, "column": 66 }
      },
      "73": {
        "start": { "line": 163, "column": 0 },
        "end": { "line": 163, "column": 63 }
      },
      "74": {
        "start": { "line": 174, "column": 0 },
        "end": { "line": 174, "column": 36 }
      },
      "75": {
        "start": { "line": 180, "column": 0 },
        "end": { "line": 180, "column": 65 }
      },
      "76": {
        "start": { "line": 186, "column": 0 },
        "end": { "line": 186, "column": 68 }
      },
      "77": {
        "start": { "line": 188, "column": 0 },
        "end": { "line": 188, "column": 24 }
      },
      "78": {
        "start": { "line": 190, "column": 0 },
        "end": { "line": 190, "column": 33 }
      },
      "79": {
        "start": { "line": 196, "column": 0 },
        "end": { "line": 196, "column": 47 }
      },
      "80": {
        "start": { "line": 198, "column": 0 },
        "end": { "line": 198, "column": 25 }
      },
      "81": {
        "start": { "line": 199, "column": 0 },
        "end": { "line": 199, "column": 23 }
      },
      "82": {
        "start": { "line": 200, "column": 0 },
        "end": { "line": 200, "column": 42 }
      },
      "83": {
        "start": { "line": 201, "column": 0 },
        "end": { "line": 201, "column": 39 }
      },
      "84": {
        "start": { "line": 202, "column": 0 },
        "end": { "line": 202, "column": 50 }
      },
      "85": {
        "start": { "line": 205, "column": 0 },
        "end": { "line": 205, "column": 47 }
      },
      "86": {
        "start": { "line": 206, "column": 0 },
        "end": { "line": 206, "column": 47 }
      },
      "87": {
        "start": { "line": 207, "column": 0 },
        "end": { "line": 207, "column": 53 }
      },
      "88": {
        "start": { "line": 208, "column": 0 },
        "end": { "line": 208, "column": 57 }
      },
      "89": {
        "start": { "line": 209, "column": 0 },
        "end": { "line": 209, "column": 25 }
      },
      "90": {
        "start": { "line": 210, "column": 0 },
        "end": { "line": 210, "column": 63 }
      },
      "91": {
        "start": { "line": 211, "column": 0 },
        "end": { "line": 211, "column": 47 }
      },
      "92": {
        "start": { "line": 212, "column": 0 },
        "end": { "line": 212, "column": 58 }
      },
      "93": {
        "start": { "line": 213, "column": 0 },
        "end": { "line": 213, "column": 29 }
      },
      "94": {
        "start": { "line": 214, "column": 0 },
        "end": { "line": 214, "column": 33 }
      },
      "95": {
        "start": { "line": 215, "column": 0 },
        "end": { "line": 215, "column": 9 }
      },
      "96": {
        "start": { "line": 217, "column": 0 },
        "end": { "line": 217, "column": 12 }
      },
      "97": {
        "start": { "line": 218, "column": 0 },
        "end": { "line": 218, "column": 41 }
      },
      "98": {
        "start": { "line": 219, "column": 0 },
        "end": { "line": 219, "column": 28 }
      },
      "99": {
        "start": { "line": 220, "column": 0 },
        "end": { "line": 220, "column": 53 }
      },
      "100": {
        "start": { "line": 221, "column": 0 },
        "end": { "line": 221, "column": 11 }
      },
      "101": {
        "start": { "line": 228, "column": 0 },
        "end": { "line": 228, "column": 36 }
      },
      "102": {
        "start": { "line": 229, "column": 0 },
        "end": { "line": 229, "column": 51 }
      },
      "103": {
        "start": { "line": 230, "column": 0 },
        "end": { "line": 230, "column": 23 }
      },
      "104": {
        "start": { "line": 231, "column": 0 },
        "end": { "line": 231, "column": 69 }
      },
      "105": {
        "start": { "line": 232, "column": 0 },
        "end": { "line": 232, "column": 26 }
      },
      "106": {
        "start": { "line": 233, "column": 0 },
        "end": { "line": 233, "column": 27 }
      },
      "107": {
        "start": { "line": 234, "column": 0 },
        "end": { "line": 234, "column": 14 }
      },
      "108": {
        "start": { "line": 235, "column": 0 },
        "end": { "line": 235, "column": 45 }
      },
      "109": {
        "start": { "line": 236, "column": 0 },
        "end": { "line": 236, "column": 56 }
      },
      "110": {
        "start": { "line": 238, "column": 0 },
        "end": { "line": 238, "column": 61 }
      },
      "111": {
        "start": { "line": 239, "column": 0 },
        "end": { "line": 239, "column": 57 }
      },
      "112": {
        "start": { "line": 240, "column": 0 },
        "end": { "line": 240, "column": 15 }
      },
      "113": {
        "start": { "line": 242, "column": 0 },
        "end": { "line": 242, "column": 55 }
      },
      "114": {
        "start": { "line": 243, "column": 0 },
        "end": { "line": 243, "column": 13 }
      },
      "115": {
        "start": { "line": 244, "column": 0 },
        "end": { "line": 244, "column": 12 }
      },
      "116": {
        "start": { "line": 245, "column": 0 },
        "end": { "line": 245, "column": 9 }
      },
      "117": {
        "start": { "line": 247, "column": 0 },
        "end": { "line": 247, "column": 38 }
      },
      "118": {
        "start": { "line": 248, "column": 0 },
        "end": { "line": 248, "column": 25 }
      },
      "119": {
        "start": { "line": 249, "column": 0 },
        "end": { "line": 249, "column": 19 }
      },
      "120": {
        "start": { "line": 250, "column": 0 },
        "end": { "line": 250, "column": 8 }
      },
      "121": {
        "start": { "line": 251, "column": 0 },
        "end": { "line": 251, "column": 46 }
      },
      "122": {
        "start": { "line": 252, "column": 0 },
        "end": { "line": 252, "column": 43 }
      },
      "123": {
        "start": { "line": 253, "column": 0 },
        "end": { "line": 253, "column": 30 }
      },
      "124": {
        "start": { "line": 254, "column": 0 },
        "end": { "line": 254, "column": 46 }
      },
      "125": {
        "start": { "line": 255, "column": 0 },
        "end": { "line": 255, "column": 33 }
      },
      "126": {
        "start": { "line": 256, "column": 0 },
        "end": { "line": 256, "column": 56 }
      },
      "127": {
        "start": { "line": 257, "column": 0 },
        "end": { "line": 257, "column": 7 }
      },
      "128": {
        "start": { "line": 258, "column": 0 },
        "end": { "line": 258, "column": 6 }
      },
      "129": {
        "start": { "line": 259, "column": 0 },
        "end": { "line": 259, "column": 3 }
      },
      "130": {
        "start": { "line": 261, "column": 0 },
        "end": { "line": 261, "column": 57 }
      },
      "131": {
        "start": { "line": 262, "column": 0 },
        "end": { "line": 262, "column": 26 }
      },
      "132": {
        "start": { "line": 263, "column": 0 },
        "end": { "line": 263, "column": 51 }
      },
      "133": {
        "start": { "line": 264, "column": 0 },
        "end": { "line": 264, "column": 17 }
      },
      "134": {
        "start": { "line": 265, "column": 0 },
        "end": { "line": 265, "column": 68 }
      },
      "135": {
        "start": { "line": 266, "column": 0 },
        "end": { "line": 266, "column": 7 }
      },
      "136": {
        "start": { "line": 267, "column": 0 },
        "end": { "line": 267, "column": 18 }
      },
      "137": {
        "start": { "line": 268, "column": 0 },
        "end": { "line": 268, "column": 71 }
      },
      "138": {
        "start": { "line": 269, "column": 0 },
        "end": { "line": 269, "column": 31 }
      },
      "139": {
        "start": { "line": 271, "column": 0 },
        "end": { "line": 271, "column": 25 }
      },
      "140": {
        "start": { "line": 272, "column": 0 },
        "end": { "line": 272, "column": 37 }
      },
      "141": {
        "start": { "line": 273, "column": 0 },
        "end": { "line": 273, "column": 55 }
      },
      "142": {
        "start": { "line": 274, "column": 0 },
        "end": { "line": 274, "column": 31 }
      },
      "143": {
        "start": { "line": 275, "column": 0 },
        "end": { "line": 275, "column": 44 }
      },
      "144": {
        "start": { "line": 276, "column": 0 },
        "end": { "line": 276, "column": 74 }
      },
      "145": {
        "start": { "line": 278, "column": 0 },
        "end": { "line": 278, "column": 40 }
      },
      "146": {
        "start": { "line": 279, "column": 0 },
        "end": { "line": 279, "column": 66 }
      },
      "147": {
        "start": { "line": 280, "column": 0 },
        "end": { "line": 280, "column": 35 }
      },
      "148": {
        "start": { "line": 282, "column": 0 },
        "end": { "line": 282, "column": 50 }
      },
      "149": {
        "start": { "line": 283, "column": 0 },
        "end": { "line": 283, "column": 38 }
      },
      "150": {
        "start": { "line": 284, "column": 0 },
        "end": { "line": 284, "column": 71 }
      },
      "151": {
        "start": { "line": 285, "column": 0 },
        "end": { "line": 285, "column": 34 }
      },
      "152": {
        "start": { "line": 286, "column": 0 },
        "end": { "line": 286, "column": 22 }
      },
      "153": {
        "start": { "line": 287, "column": 0 },
        "end": { "line": 287, "column": 9 }
      },
      "154": {
        "start": { "line": 288, "column": 0 },
        "end": { "line": 288, "column": 29 }
      },
      "155": {
        "start": { "line": 289, "column": 0 },
        "end": { "line": 289, "column": 49 }
      },
      "156": {
        "start": { "line": 290, "column": 0 },
        "end": { "line": 290, "column": 39 }
      },
      "157": {
        "start": { "line": 291, "column": 0 },
        "end": { "line": 291, "column": 9 }
      },
      "158": {
        "start": { "line": 292, "column": 0 },
        "end": { "line": 292, "column": 37 }
      },
      "159": {
        "start": { "line": 293, "column": 0 },
        "end": { "line": 293, "column": 38 }
      },
      "160": {
        "start": { "line": 294, "column": 0 },
        "end": { "line": 294, "column": 45 }
      },
      "161": {
        "start": { "line": 295, "column": 0 },
        "end": { "line": 295, "column": 40 }
      },
      "162": {
        "start": { "line": 296, "column": 0 },
        "end": { "line": 296, "column": 19 }
      },
      "163": {
        "start": { "line": 297, "column": 0 },
        "end": { "line": 297, "column": 7 }
      },
      "164": {
        "start": { "line": 298, "column": 0 },
        "end": { "line": 298, "column": 5 }
      },
      "165": {
        "start": { "line": 299, "column": 0 },
        "end": { "line": 299, "column": 3 }
      },
      "166": {
        "start": { "line": 301, "column": 0 },
        "end": { "line": 301, "column": 57 }
      },
      "167": {
        "start": { "line": 302, "column": 0 },
        "end": { "line": 302, "column": 23 }
      },
      "168": {
        "start": { "line": 303, "column": 0 },
        "end": { "line": 303, "column": 35 }
      },
      "169": {
        "start": { "line": 304, "column": 0 },
        "end": { "line": 304, "column": 52 }
      },
      "170": {
        "start": { "line": 305, "column": 0 },
        "end": { "line": 305, "column": 39 }
      },
      "171": {
        "start": { "line": 306, "column": 0 },
        "end": { "line": 306, "column": 45 }
      },
      "172": {
        "start": { "line": 308, "column": 0 },
        "end": { "line": 308, "column": 59 }
      },
      "173": {
        "start": { "line": 309, "column": 0 },
        "end": { "line": 309, "column": 34 }
      },
      "174": {
        "start": { "line": 310, "column": 0 },
        "end": { "line": 310, "column": 8 }
      },
      "175": {
        "start": { "line": 311, "column": 0 },
        "end": { "line": 311, "column": 35 }
      },
      "176": {
        "start": { "line": 312, "column": 0 },
        "end": { "line": 312, "column": 6 }
      },
      "177": {
        "start": { "line": 313, "column": 0 },
        "end": { "line": 313, "column": 3 }
      },
      "178": {
        "start": { "line": 315, "column": 0 },
        "end": { "line": 315, "column": 60 }
      },
      "179": {
        "start": { "line": 316, "column": 0 },
        "end": { "line": 316, "column": 80 }
      },
      "180": {
        "start": { "line": 317, "column": 0 },
        "end": { "line": 317, "column": 27 }
      },
      "181": {
        "start": { "line": 318, "column": 0 },
        "end": { "line": 318, "column": 31 }
      },
      "182": {
        "start": { "line": 319, "column": 0 },
        "end": { "line": 319, "column": 74 }
      },
      "183": {
        "start": { "line": 320, "column": 0 },
        "end": { "line": 320, "column": 35 }
      },
      "184": {
        "start": { "line": 321, "column": 0 },
        "end": { "line": 321, "column": 27 }
      },
      "185": {
        "start": { "line": 322, "column": 0 },
        "end": { "line": 322, "column": 20 }
      },
      "186": {
        "start": { "line": 323, "column": 0 },
        "end": { "line": 323, "column": 32 }
      },
      "187": {
        "start": { "line": 324, "column": 0 },
        "end": { "line": 324, "column": 71 }
      },
      "188": {
        "start": { "line": 325, "column": 0 },
        "end": { "line": 325, "column": 19 }
      },
      "189": {
        "start": { "line": 326, "column": 0 },
        "end": { "line": 326, "column": 21 }
      },
      "190": {
        "start": { "line": 327, "column": 0 },
        "end": { "line": 327, "column": 11 }
      },
      "191": {
        "start": { "line": 329, "column": 0 },
        "end": { "line": 329, "column": 54 }
      },
      "192": {
        "start": { "line": 330, "column": 0 },
        "end": { "line": 330, "column": 34 }
      },
      "193": {
        "start": { "line": 331, "column": 0 },
        "end": { "line": 331, "column": 12 }
      },
      "194": {
        "start": { "line": 333, "column": 0 },
        "end": { "line": 333, "column": 55 }
      },
      "195": {
        "start": { "line": 334, "column": 0 },
        "end": { "line": 334, "column": 9 }
      },
      "196": {
        "start": { "line": 335, "column": 0 },
        "end": { "line": 335, "column": 13 }
      },
      "197": {
        "start": { "line": 336, "column": 0 },
        "end": { "line": 336, "column": 6 }
      },
      "198": {
        "start": { "line": 337, "column": 0 },
        "end": { "line": 337, "column": 3 }
      },
      "199": {
        "start": { "line": 339, "column": 0 },
        "end": { "line": 339, "column": 15 }
      },
      "200": {
        "start": { "line": 340, "column": 0 },
        "end": { "line": 340, "column": 22 }
      },
      "201": {
        "start": { "line": 341, "column": 0 },
        "end": { "line": 341, "column": 3 }
      },
      "202": {
        "start": { "line": 342, "column": 0 },
        "end": { "line": 342, "column": 1 }
      },
      "203": {
        "start": { "line": 344, "column": 0 },
        "end": { "line": 344, "column": 25 }
      }
    },
    "s": {
      "0": 2,
      "1": 2,
      "2": 2,
      "3": 2,
      "4": 2,
      "5": 2,
      "6": 0,
      "7": 0,
      "8": 0,
      "9": 0,
      "10": 0,
      "11": 0,
      "12": 0,
      "13": 0,
      "14": 0,
      "15": 0,
      "16": 0,
      "17": 0,
      "18": 0,
      "19": 0,
      "20": 0,
      "21": 0,
      "22": 0,
      "23": 0,
      "24": 0,
      "25": 0,
      "26": 0,
      "27": 0,
      "28": 0,
      "29": 0,
      "30": 0,
      "31": 0,
      "32": 0,
      "33": 0,
      "34": 0,
      "35": 0,
      "36": 2,
      "37": 2,
      "38": 2,
      "39": 2,
      "40": 2,
      "41": 2,
      "42": 2,
      "43": 2,
      "44": 2,
      "45": 2,
      "46": 2,
      "47": 2,
      "48": 2,
      "49": 2,
      "50": 2,
      "51": 0,
      "52": 0,
      "53": 0,
      "54": 0,
      "55": 0,
      "56": 2,
      "57": 0,
      "58": 0,
      "59": 0,
      "60": 0,
      "61": 0,
      "62": 0,
      "63": 0,
      "64": 2,
      "65": 0,
      "66": 0,
      "67": 0,
      "68": 0,
      "69": 0,
      "70": 0,
      "71": 0,
      "72": 2,
      "73": 2,
      "74": 10,
      "75": 10,
      "76": 10,
      "77": 10,
      "78": 10,
      "79": 10,
      "80": 10,
      "81": 10,
      "82": 10,
      "83": 10,
      "84": 23,
      "85": 23,
      "86": 23,
      "87": 23,
      "88": 23,
      "89": 23,
      "90": 23,
      "91": 1,
      "92": 1,
      "93": 1,
      "94": 1,
      "95": 1,
      "96": 23,
      "97": 23,
      "98": 0,
      "99": 0,
      "100": 23,
      "101": 0,
      "102": 0,
      "103": 0,
      "104": 0,
      "105": 0,
      "106": 0,
      "107": 0,
      "108": 0,
      "109": 0,
      "110": 0,
      "111": 0,
      "112": 0,
      "113": 0,
      "114": 0,
      "115": 0,
      "116": 0,
      "117": 23,
      "118": 23,
      "119": 23,
      "120": 23,
      "121": 10,
      "122": 2,
      "123": 2,
      "124": 2,
      "125": 2,
      "126": 2,
      "127": 2,
      "128": 10,
      "129": 10,
      "130": 10,
      "131": 23,
      "132": 0,
      "133": 0,
      "134": 0,
      "135": 0,
      "136": 0,
      "137": 0,
      "138": 0,
      "139": 0,
      "140": 0,
      "141": 0,
      "142": 0,
      "143": 0,
      "144": 0,
      "145": 0,
      "146": 0,
      "147": 0,
      "148": 0,
      "149": 0,
      "150": 0,
      "151": 0,
      "152": 0,
      "153": 0,
      "154": 0,
      "155": 0,
      "156": 0,
      "157": 0,
      "158": 0,
      "159": 0,
      "160": 0,
      "161": 0,
      "162": 0,
      "163": 0,
      "164": 0,
      "165": 23,
      "166": 10,
      "167": 2,
      "168": 2,
      "169": 2,
      "170": 2,
      "171": 0,
      "172": 0,
      "173": 0,
      "174": 0,
      "175": 0,
      "176": 2,
      "177": 2,
      "178": 10,
      "179": 2,
      "180": 2,
      "181": 0,
      "182": 0,
      "183": 0,
      "184": 0,
      "185": 0,
      "186": 0,
      "187": 0,
      "188": 0,
      "189": 0,
      "190": 0,
      "191": 0,
      "192": 0,
      "193": 0,
      "194": 0,
      "195": 0,
      "196": 0,
      "197": 2,
      "198": 2,
      "199": 10,
      "200": 11,
      "201": 11,
      "202": 10,
      "203": 2
    },
    "branchMap": {
      "0": {
        "type": "branch",
        "line": 174,
        "loc": {
          "start": { "line": 174, "column": 0 },
          "end": { "line": 342, "column": 1 }
        },
        "locations": [
          {
            "start": { "line": 174, "column": 0 },
            "end": { "line": 342, "column": 1 }
          }
        ]
      },
      "1": {
        "type": "branch",
        "line": 198,
        "loc": {
          "start": { "line": 198, "column": 2 },
          "end": { "line": 259, "column": 3 }
        },
        "locations": [
          {
            "start": { "line": 198, "column": 2 },
            "end": { "line": 259, "column": 3 }
          }
        ]
      },
      "2": {
        "type": "branch",
        "line": 201,
        "loc": {
          "start": { "line": 201, "column": 11 },
          "end": { "line": 250, "column": 8 }
        },
        "locations": [
          {
            "start": { "line": 201, "column": 11 },
            "end": { "line": 250, "column": 8 }
          }
        ]
      },
      "3": {
        "type": "branch",
        "line": 202,
        "loc": {
          "start": { "line": 202, "column": 39 },
          "end": { "line": 202, "column": 50 }
        },
        "locations": [
          {
            "start": { "line": 202, "column": 39 },
            "end": { "line": 202, "column": 50 }
          }
        ]
      },
      "4": {
        "type": "branch",
        "line": 210,
        "loc": {
          "start": { "line": 210, "column": 27 },
          "end": { "line": 210, "column": 62 }
        },
        "locations": [
          {
            "start": { "line": 210, "column": 27 },
            "end": { "line": 210, "column": 62 }
          }
        ]
      },
      "5": {
        "type": "branch",
        "line": 210,
        "loc": {
          "start": { "line": 210, "column": 62 },
          "end": { "line": 215, "column": 9 }
        },
        "locations": [
          {
            "start": { "line": 210, "column": 62 },
            "end": { "line": 215, "column": 9 }
          }
        ]
      },
      "6": {
        "type": "branch",
        "line": 218,
        "loc": {
          "start": { "line": 218, "column": 28 },
          "end": { "line": 219, "column": 28 }
        },
        "locations": [
          {
            "start": { "line": 218, "column": 28 },
            "end": { "line": 219, "column": 28 }
          }
        ]
      },
      "7": {
        "type": "branch",
        "line": 219,
        "loc": {
          "start": { "line": 219, "column": 24 },
          "end": { "line": 220, "column": 53 }
        },
        "locations": [
          {
            "start": { "line": 219, "column": 24 },
            "end": { "line": 220, "column": 53 }
          }
        ]
      },
      "8": {
        "type": "branch",
        "line": 221,
        "loc": {
          "start": { "line": 221, "column": 10 },
          "end": { "line": 245, "column": 9 }
        },
        "locations": [
          {
            "start": { "line": 221, "column": 10 },
            "end": { "line": 245, "column": 9 }
          }
        ]
      },
      "9": {
        "type": "branch",
        "line": 247,
        "loc": {
          "start": { "line": 247, "column": 29 },
          "end": { "line": 247, "column": 38 }
        },
        "locations": [
          {
            "start": { "line": 247, "column": 29 },
            "end": { "line": 247, "column": 38 }
          }
        ]
      },
      "10": {
        "type": "branch",
        "line": 251,
        "loc": {
          "start": { "line": 251, "column": 11 },
          "end": { "line": 257, "column": 7 }
        },
        "locations": [
          {
            "start": { "line": 251, "column": 11 },
            "end": { "line": 257, "column": 7 }
          }
        ]
      },
      "11": {
        "type": "branch",
        "line": 252,
        "loc": {
          "start": { "line": 252, "column": 29 },
          "end": { "line": 252, "column": 43 }
        },
        "locations": [
          {
            "start": { "line": 252, "column": 29 },
            "end": { "line": 252, "column": 43 }
          }
        ]
      },
      "12": {
        "type": "branch",
        "line": 254,
        "loc": {
          "start": { "line": 254, "column": 29 },
          "end": { "line": 254, "column": 46 }
        },
        "locations": [
          {
            "start": { "line": 254, "column": 29 },
            "end": { "line": 254, "column": 46 }
          }
        ]
      },
      "13": {
        "type": "branch",
        "line": 261,
        "loc": {
          "start": { "line": 261, "column": 10 },
          "end": { "line": 299, "column": 3 }
        },
        "locations": [
          {
            "start": { "line": 261, "column": 10 },
            "end": { "line": 299, "column": 3 }
          }
        ]
      },
      "14": {
        "type": "branch",
        "line": 262,
        "loc": {
          "start": { "line": 262, "column": 25 },
          "end": { "line": 298, "column": 5 }
        },
        "locations": [
          {
            "start": { "line": 262, "column": 25 },
            "end": { "line": 298, "column": 5 }
          }
        ]
      },
      "15": {
        "type": "branch",
        "line": 301,
        "loc": {
          "start": { "line": 301, "column": 10 },
          "end": { "line": 313, "column": 3 }
        },
        "locations": [
          {
            "start": { "line": 301, "column": 10 },
            "end": { "line": 313, "column": 3 }
          }
        ]
      },
      "16": {
        "type": "branch",
        "line": 315,
        "loc": {
          "start": { "line": 315, "column": 10 },
          "end": { "line": 337, "column": 3 }
        },
        "locations": [
          {
            "start": { "line": 315, "column": 10 },
            "end": { "line": 337, "column": 3 }
          }
        ]
      },
      "17": {
        "type": "branch",
        "line": 339,
        "loc": {
          "start": { "line": 339, "column": 2 },
          "end": { "line": 341, "column": 3 }
        },
        "locations": [
          {
            "start": { "line": 339, "column": 2 },
            "end": { "line": 341, "column": 3 }
          }
        ]
      }
    },
    "b": {
      "0": [10],
      "1": [10],
      "2": [23],
      "3": [0],
      "4": [2],
      "5": [1],
      "6": [0],
      "7": [0],
      "8": [0],
      "9": [0],
      "10": [8],
      "11": [6],
      "12": [6],
      "13": [23],
      "14": [0],
      "15": [8],
      "16": [8],
      "17": [11]
    },
    "fnMap": {
      "0": {
        "name": "effect",
        "decl": {
          "start": { "line": 50, "column": 22 },
          "end": { "line": 82, "column": 1 }
        },
        "loc": {
          "start": { "line": 50, "column": 22 },
          "end": { "line": 82, "column": 1 }
        },
        "line": 50
      },
      "1": {
        "name": "isRef",
        "decl": {
          "start": { "line": 115, "column": 21 },
          "end": { "line": 123, "column": 1 }
        },
        "loc": {
          "start": { "line": 115, "column": 21 },
          "end": { "line": 123, "column": 1 }
        },
        "line": 115
      },
      "2": {
        "name": "hasSYMBOL_DEPENDENCY",
        "decl": {
          "start": { "line": 125, "column": 29 },
          "end": { "line": 133, "column": 1 }
        },
        "loc": {
          "start": { "line": 125, "column": 29 },
          "end": { "line": 133, "column": 1 }
        },
        "line": 125
      },
      "3": {
        "name": "isReactive",
        "decl": {
          "start": { "line": 145, "column": 26 },
          "end": { "line": 153, "column": 1 }
        },
        "loc": {
          "start": { "line": 145, "column": 26 },
          "end": { "line": 153, "column": 1 }
        },
        "line": 145
      },
      "4": {
        "name": "<instance_members_initializer>",
        "decl": {
          "start": { "line": 174, "column": 0 },
          "end": { "line": 342, "column": 1 }
        },
        "loc": {
          "start": { "line": 174, "column": 0 },
          "end": { "line": 342, "column": 1 }
        },
        "line": 174
      },
      "5": {
        "name": "Dependency",
        "decl": {
          "start": { "line": 198, "column": 2 },
          "end": { "line": 259, "column": 3 }
        },
        "loc": {
          "start": { "line": 198, "column": 2 },
          "end": { "line": 259, "column": 3 }
        },
        "line": 198
      },
      "6": {
        "name": "get",
        "decl": {
          "start": { "line": 201, "column": 11 },
          "end": { "line": 250, "column": 8 }
        },
        "loc": {
          "start": { "line": 201, "column": 11 },
          "end": { "line": 250, "column": 8 }
        },
        "line": 201
      },
      "7": {
        "name": "apply",
        "decl": {
          "start": { "line": 229, "column": 19 },
          "end": { "line": 234, "column": 14 }
        },
        "loc": {
          "start": { "line": 229, "column": 19 },
          "end": { "line": 234, "column": 14 }
        },
        "line": 229
      },
      "8": {
        "name": "get",
        "decl": {
          "start": { "line": 235, "column": 17 },
          "end": { "line": 243, "column": 13 }
        },
        "loc": {
          "start": { "line": 235, "column": 17 },
          "end": { "line": 243, "column": 13 }
        },
        "line": 235
      },
      "9": {
        "name": "set",
        "decl": {
          "start": { "line": 251, "column": 11 },
          "end": { "line": 257, "column": 7 }
        },
        "loc": {
          "start": { "line": 251, "column": 11 },
          "end": { "line": 257, "column": 7 }
        },
        "line": 251
      },
      "10": {
        "name": "collect",
        "decl": {
          "start": { "line": 261, "column": 10 },
          "end": { "line": 299, "column": 3 }
        },
        "loc": {
          "start": { "line": 261, "column": 10 },
          "end": { "line": 299, "column": 3 }
        },
        "line": 261
      },
      "11": {
        "name": "ele.__destroy__",
        "decl": {
          "start": { "line": 284, "column": 24 },
          "end": { "line": 297, "column": 7 }
        },
        "loc": {
          "start": { "line": 284, "column": 24 },
          "end": { "line": 297, "column": 7 }
        },
        "line": 284
      },
      "12": {
        "name": "cleanup",
        "decl": {
          "start": { "line": 301, "column": 10 },
          "end": { "line": 313, "column": 3 }
        },
        "loc": {
          "start": { "line": 301, "column": 10 },
          "end": { "line": 313, "column": 3 }
        },
        "line": 301
      },
      "13": {
        "name": "distribute",
        "decl": {
          "start": { "line": 315, "column": 10 },
          "end": { "line": 337, "column": 3 }
        },
        "loc": {
          "start": { "line": 315, "column": 10 },
          "end": { "line": 337, "column": 3 }
        },
        "line": 315
      },
      "14": {
        "name": "get value",
        "decl": {
          "start": { "line": 339, "column": 2 },
          "end": { "line": 341, "column": 3 }
        },
        "loc": {
          "start": { "line": 339, "column": 2 },
          "end": { "line": 341, "column": 3 }
        },
        "line": 339
      }
    },
    "f": {
      "0": 0,
      "1": 0,
      "2": 0,
      "3": 0,
      "4": 10,
      "5": 10,
      "6": 23,
      "7": 0,
      "8": 0,
      "9": 2,
      "10": 23,
      "11": 0,
      "12": 2,
      "13": 2,
      "14": 11
    }
  },
  "F:\\Users\\Documents\\MyDocument\\study\\develop\\create-pseudo-transparent-icon\\src\\core\\defineElement.ts": {
    "path": "F:\\Users\\Documents\\MyDocument\\study\\develop\\create-pseudo-transparent-icon\\src\\core\\defineElement.ts",
    "all": true,
    "statementMap": {
      "0": {
        "start": { "line": 1, "column": 0 },
        "end": { "line": 1, "column": 55 }
      },
      "14": {
        "start": { "line": 15, "column": 0 },
        "end": { "line": 15, "column": 22 }
      },
      "15": {
        "start": { "line": 16, "column": 0 },
        "end": { "line": 16, "column": 33 }
      },
      "16": {
        "start": { "line": 17, "column": 0 },
        "end": { "line": 17, "column": 51 }
      },
      "17": {
        "start": { "line": 18, "column": 0 },
        "end": { "line": 18, "column": 53 }
      },
      "18": {
        "start": { "line": 19, "column": 0 },
        "end": { "line": 19, "column": 63 }
      },
      "22": {
        "start": { "line": 23, "column": 0 },
        "end": { "line": 23, "column": 39 }
      },
      "23": {
        "start": { "line": 24, "column": 0 },
        "end": { "line": 24, "column": 68 }
      },
      "24": {
        "start": { "line": 25, "column": 0 },
        "end": { "line": 25, "column": 80 }
      },
      "25": {
        "start": { "line": 26, "column": 0 },
        "end": { "line": 26, "column": 68 }
      },
      "26": {
        "start": { "line": 27, "column": 0 },
        "end": { "line": 27, "column": 58 }
      },
      "27": {
        "start": { "line": 28, "column": 0 },
        "end": { "line": 28, "column": 49 }
      },
      "28": {
        "start": { "line": 29, "column": 0 },
        "end": { "line": 29, "column": 44 }
      },
      "69": {
        "start": { "line": 70, "column": 0 },
        "end": { "line": 70, "column": 59 }
      },
      "70": {
        "start": { "line": 71, "column": 0 },
        "end": { "line": 71, "column": 29 }
      },
      "71": {
        "start": { "line": 72, "column": 0 },
        "end": { "line": 72, "column": 18 }
      },
      "72": {
        "start": { "line": 73, "column": 0 },
        "end": { "line": 73, "column": 6 }
      },
      "73": {
        "start": { "line": 74, "column": 0 },
        "end": { "line": 74, "column": 27 }
      },
      "74": {
        "start": { "line": 75, "column": 0 },
        "end": { "line": 75, "column": 59 }
      },
      "75": {
        "start": { "line": 76, "column": 0 },
        "end": { "line": 76, "column": 34 }
      },
      "76": {
        "start": { "line": 77, "column": 0 },
        "end": { "line": 77, "column": 57 }
      },
      "77": {
        "start": { "line": 78, "column": 0 },
        "end": { "line": 78, "column": 7 }
      },
      "78": {
        "start": { "line": 79, "column": 0 },
        "end": { "line": 79, "column": 5 }
      },
      "79": {
        "start": { "line": 80, "column": 0 },
        "end": { "line": 80, "column": 3 }
      },
      "80": {
        "start": { "line": 81, "column": 0 },
        "end": { "line": 81, "column": 1 }
      },
      "83": {
        "start": { "line": 84, "column": 0 },
        "end": { "line": 84, "column": 68 }
      },
      "84": {
        "start": { "line": 85, "column": 0 },
        "end": { "line": 85, "column": 29 }
      },
      "85": {
        "start": { "line": 86, "column": 0 },
        "end": { "line": 86, "column": 33 }
      },
      "86": {
        "start": { "line": 87, "column": 0 },
        "end": { "line": 87, "column": 34 }
      },
      "87": {
        "start": { "line": 88, "column": 0 },
        "end": { "line": 88, "column": 54 }
      },
      "88": {
        "start": { "line": 89, "column": 0 },
        "end": { "line": 89, "column": 7 }
      },
      "89": {
        "start": { "line": 90, "column": 0 },
        "end": { "line": 90, "column": 45 }
      },
      "90": {
        "start": { "line": 91, "column": 0 },
        "end": { "line": 91, "column": 70 }
      },
      "91": {
        "start": { "line": 92, "column": 0 },
        "end": { "line": 92, "column": 5 }
      },
      "92": {
        "start": { "line": 93, "column": 0 },
        "end": { "line": 93, "column": 3 }
      },
      "93": {
        "start": { "line": 94, "column": 0 },
        "end": { "line": 94, "column": 1 }
      },
      "96": {
        "start": { "line": 97, "column": 0 },
        "end": { "line": 97, "column": 38 }
      },
      "99": {
        "start": { "line": 100, "column": 0 },
        "end": { "line": 100, "column": 46 }
      },
      "101": {
        "start": { "line": 102, "column": 0 },
        "end": { "line": 102, "column": 34 }
      },
      "104": {
        "start": { "line": 105, "column": 0 },
        "end": { "line": 105, "column": 72 }
      },
      "106": {
        "start": { "line": 107, "column": 0 },
        "end": { "line": 107, "column": 56 }
      },
      "107": {
        "start": { "line": 108, "column": 0 },
        "end": { "line": 108, "column": 31 }
      },
      "108": {
        "start": { "line": 109, "column": 0 },
        "end": { "line": 109, "column": 58 }
      },
      "109": {
        "start": { "line": 110, "column": 0 },
        "end": { "line": 110, "column": 64 }
      },
      "110": {
        "start": { "line": 111, "column": 0 },
        "end": { "line": 111, "column": 22 }
      },
      "111": {
        "start": { "line": 112, "column": 0 },
        "end": { "line": 112, "column": 39 }
      },
      "112": {
        "start": { "line": 113, "column": 0 },
        "end": { "line": 113, "column": 77 }
      },
      "113": {
        "start": { "line": 114, "column": 0 },
        "end": { "line": 114, "column": 34 }
      },
      "114": {
        "start": { "line": 115, "column": 0 },
        "end": { "line": 115, "column": 79 }
      },
      "115": {
        "start": { "line": 116, "column": 0 },
        "end": { "line": 116, "column": 7 }
      },
      "116": {
        "start": { "line": 117, "column": 0 },
        "end": { "line": 117, "column": 5 }
      },
      "118": {
        "start": { "line": 119, "column": 0 },
        "end": { "line": 119, "column": 25 }
      },
      "119": {
        "start": { "line": 120, "column": 0 },
        "end": { "line": 120, "column": 39 }
      },
      "120": {
        "start": { "line": 121, "column": 0 },
        "end": { "line": 121, "column": 47 }
      },
      "121": {
        "start": { "line": 122, "column": 0 },
        "end": { "line": 122, "column": 70 }
      },
      "122": {
        "start": { "line": 123, "column": 0 },
        "end": { "line": 123, "column": 48 }
      },
      "123": {
        "start": { "line": 124, "column": 0 },
        "end": { "line": 124, "column": 42 }
      },
      "124": {
        "start": { "line": 125, "column": 0 },
        "end": { "line": 125, "column": 72 }
      },
      "125": {
        "start": { "line": 126, "column": 0 },
        "end": { "line": 126, "column": 50 }
      },
      "126": {
        "start": { "line": 127, "column": 0 },
        "end": { "line": 127, "column": 9 }
      },
      "127": {
        "start": { "line": 128, "column": 0 },
        "end": { "line": 128, "column": 7 }
      },
      "128": {
        "start": { "line": 129, "column": 0 },
        "end": { "line": 129, "column": 5 }
      },
      "130": {
        "start": { "line": 131, "column": 0 },
        "end": { "line": 131, "column": 37 }
      },
      "131": {
        "start": { "line": 132, "column": 0 },
        "end": { "line": 132, "column": 39 }
      },
      "132": {
        "start": { "line": 133, "column": 0 },
        "end": { "line": 133, "column": 5 }
      },
      "134": {
        "start": { "line": 135, "column": 0 },
        "end": { "line": 135, "column": 49 }
      },
      "135": {
        "start": { "line": 136, "column": 0 },
        "end": { "line": 136, "column": 35 }
      },
      "136": {
        "start": { "line": 137, "column": 0 },
        "end": { "line": 137, "column": 31 }
      },
      "137": {
        "start": { "line": 138, "column": 0 },
        "end": { "line": 138, "column": 6 }
      },
      "138": {
        "start": { "line": 139, "column": 0 },
        "end": { "line": 139, "column": 3 }
      },
      "139": {
        "start": { "line": 140, "column": 0 },
        "end": { "line": 140, "column": 1 }
      },
      "141": {
        "start": { "line": 142, "column": 0 },
        "end": { "line": 142, "column": 56 }
      },
      "142": {
        "start": { "line": 143, "column": 0 },
        "end": { "line": 143, "column": 31 }
      },
      "143": {
        "start": { "line": 144, "column": 0 },
        "end": { "line": 144, "column": 58 }
      },
      "144": {
        "start": { "line": 145, "column": 0 },
        "end": { "line": 145, "column": 64 }
      },
      "145": {
        "start": { "line": 146, "column": 0 },
        "end": { "line": 146, "column": 22 }
      },
      "146": {
        "start": { "line": 147, "column": 0 },
        "end": { "line": 147, "column": 39 }
      },
      "147": {
        "start": { "line": 148, "column": 0 },
        "end": { "line": 148, "column": 38 }
      },
      "148": {
        "start": { "line": 149, "column": 0 },
        "end": { "line": 149, "column": 35 }
      },
      "149": {
        "start": { "line": 150, "column": 0 },
        "end": { "line": 150, "column": 73 }
      },
      "150": {
        "start": { "line": 151, "column": 0 },
        "end": { "line": 151, "column": 9 }
      },
      "151": {
        "start": { "line": 152, "column": 0 },
        "end": { "line": 152, "column": 7 }
      },
      "153": {
        "start": { "line": 154, "column": 0 },
        "end": { "line": 154, "column": 37 }
      },
      "154": {
        "start": { "line": 155, "column": 0 },
        "end": { "line": 155, "column": 34 }
      },
      "155": {
        "start": { "line": 156, "column": 0 },
        "end": { "line": 156, "column": 39 }
      },
      "156": {
        "start": { "line": 157, "column": 0 },
        "end": { "line": 157, "column": 7 }
      },
      "157": {
        "start": { "line": 158, "column": 0 },
        "end": { "line": 158, "column": 5 }
      },
      "159": {
        "start": { "line": 160, "column": 0 },
        "end": { "line": 160, "column": 25 }
      },
      "160": {
        "start": { "line": 161, "column": 0 },
        "end": { "line": 161, "column": 39 }
      },
      "161": {
        "start": { "line": 162, "column": 0 },
        "end": { "line": 162, "column": 47 }
      },
      "162": {
        "start": { "line": 163, "column": 0 },
        "end": { "line": 163, "column": 63 }
      },
      "163": {
        "start": { "line": 164, "column": 0 },
        "end": { "line": 164, "column": 42 }
      },
      "164": {
        "start": { "line": 165, "column": 0 },
        "end": { "line": 165, "column": 65 }
      },
      "165": {
        "start": { "line": 166, "column": 0 },
        "end": { "line": 166, "column": 9 }
      },
      "166": {
        "start": { "line": 167, "column": 0 },
        "end": { "line": 167, "column": 14 }
      },
      "167": {
        "start": { "line": 168, "column": 0 },
        "end": { "line": 168, "column": 36 }
      },
      "168": {
        "start": { "line": 169, "column": 0 },
        "end": { "line": 169, "column": 79 }
      },
      "169": {
        "start": { "line": 170, "column": 0 },
        "end": { "line": 170, "column": 9 }
      },
      "170": {
        "start": { "line": 171, "column": 0 },
        "end": { "line": 171, "column": 7 }
      },
      "171": {
        "start": { "line": 172, "column": 0 },
        "end": { "line": 172, "column": 5 }
      },
      "173": {
        "start": { "line": 174, "column": 0 },
        "end": { "line": 174, "column": 64 }
      },
      "184": {
        "start": { "line": 185, "column": 0 },
        "end": { "line": 185, "column": 3 }
      },
      "185": {
        "start": { "line": 186, "column": 0 },
        "end": { "line": 186, "column": 1 }
      },
      "187": {
        "start": { "line": 188, "column": 0 },
        "end": { "line": 188, "column": 61 }
      },
      "188": {
        "start": { "line": 189, "column": 0 },
        "end": { "line": 189, "column": 41 }
      },
      "189": {
        "start": { "line": 190, "column": 0 },
        "end": { "line": 190, "column": 46 }
      },
      "190": {
        "start": { "line": 191, "column": 0 },
        "end": { "line": 191, "column": 51 }
      },
      "191": {
        "start": { "line": 192, "column": 0 },
        "end": { "line": 192, "column": 43 }
      },
      "192": {
        "start": { "line": 193, "column": 0 },
        "end": { "line": 193, "column": 53 }
      },
      "193": {
        "start": { "line": 194, "column": 0 },
        "end": { "line": 194, "column": 53 }
      },
      "196": {
        "start": { "line": 197, "column": 0 },
        "end": { "line": 197, "column": 25 }
      },
      "197": {
        "start": { "line": 198, "column": 0 },
        "end": { "line": 198, "column": 27 }
      },
      "198": {
        "start": { "line": 199, "column": 0 },
        "end": { "line": 199, "column": 32 }
      },
      "199": {
        "start": { "line": 200, "column": 0 },
        "end": { "line": 200, "column": 37 }
      },
      "200": {
        "start": { "line": 201, "column": 0 },
        "end": { "line": 201, "column": 29 }
      },
      "201": {
        "start": { "line": 202, "column": 0 },
        "end": { "line": 202, "column": 39 }
      },
      "202": {
        "start": { "line": 203, "column": 0 },
        "end": { "line": 203, "column": 39 }
      },
      "203": {
        "start": { "line": 204, "column": 0 },
        "end": { "line": 204, "column": 3 }
      },
      "205": {
        "start": { "line": 206, "column": 0 },
        "end": { "line": 206, "column": 22 }
      },
      "206": {
        "start": { "line": 207, "column": 0 },
        "end": { "line": 207, "column": 27 }
      },
      "207": {
        "start": { "line": 208, "column": 0 },
        "end": { "line": 208, "column": 13 }
      },
      "208": {
        "start": { "line": 209, "column": 0 },
        "end": { "line": 209, "column": 16 }
      },
      "209": {
        "start": { "line": 210, "column": 0 },
        "end": { "line": 210, "column": 3 }
      },
      "210": {
        "start": { "line": 211, "column": 0 },
        "end": { "line": 211, "column": 53 }
      },
      "211": {
        "start": { "line": 212, "column": 0 },
        "end": { "line": 212, "column": 28 }
      },
      "212": {
        "start": { "line": 213, "column": 0 },
        "end": { "line": 213, "column": 27 }
      },
      "213": {
        "start": { "line": 214, "column": 0 },
        "end": { "line": 214, "column": 3 }
      },
      "214": {
        "start": { "line": 215, "column": 0 },
        "end": { "line": 215, "column": 53 }
      },
      "215": {
        "start": { "line": 216, "column": 0 },
        "end": { "line": 216, "column": 28 }
      },
      "216": {
        "start": { "line": 217, "column": 0 },
        "end": { "line": 217, "column": 13 }
      },
      "217": {
        "start": { "line": 218, "column": 0 },
        "end": { "line": 218, "column": 32 }
      },
      "218": {
        "start": { "line": 219, "column": 0 },
        "end": { "line": 219, "column": 3 }
      },
      "219": {
        "start": { "line": 220, "column": 0 },
        "end": { "line": 220, "column": 50 }
      },
      "220": {
        "start": { "line": 221, "column": 0 },
        "end": { "line": 221, "column": 29 }
      },
      "221": {
        "start": { "line": 222, "column": 0 },
        "end": { "line": 222, "column": 37 }
      },
      "222": {
        "start": { "line": 223, "column": 0 },
        "end": { "line": 223, "column": 32 }
      },
      "223": {
        "start": { "line": 224, "column": 0 },
        "end": { "line": 224, "column": 7 }
      },
      "224": {
        "start": { "line": 225, "column": 0 },
        "end": { "line": 225, "column": 6 }
      },
      "225": {
        "start": { "line": 226, "column": 0 },
        "end": { "line": 226, "column": 25 }
      },
      "226": {
        "start": { "line": 227, "column": 0 },
        "end": { "line": 227, "column": 3 }
      },
      "227": {
[...]
        "end": { "line": 7, "column": 42 }
      },
      "4": {
        "start": { "line": 8, "column": 0 },
        "end": { "line": 8, "column": 67 }
      },
      "5": {
        "start": { "line": 9, "column": 0 },
        "end": { "line": 9, "column": 37 }
      },
      "6": {
        "start": { "line": 10, "column": 0 },
        "end": { "line": 10, "column": 14 }
      },
      "7": {
        "start": { "line": 11, "column": 0 },
        "end": { "line": 11, "column": 3 }
      },
      "8": {
        "start": { "line": 13, "column": 0 },
        "end": { "line": 13, "column": 24 }
      },
      "9": {
        "start": { "line": 14, "column": 0 },
        "end": { "line": 14, "column": 28 }
      },
      "10": {
        "start": { "line": 15, "column": 0 },
        "end": { "line": 15, "column": 36 }
      },
      "11": {
        "start": { "line": 16, "column": 0 },
        "end": { "line": 16, "column": 16 }
      },
      "12": {
        "start": { "line": 17, "column": 0 },
        "end": { "line": 17, "column": 19 }
      },
      "13": {
        "start": { "line": 18, "column": 0 },
        "end": { "line": 18, "column": 48 }
      },
      "14": {
        "start": { "line": 19, "column": 0 },
        "end": { "line": 19, "column": 16 }
      },
      "15": {
        "start": { "line": 20, "column": 0 },
        "end": { "line": 20, "column": 25 }
      },
      "16": {
        "start": { "line": 21, "column": 0 },
        "end": { "line": 21, "column": 10 }
      },
      "17": {
        "start": { "line": 22, "column": 0 },
        "end": { "line": 22, "column": 8 }
      },
      "18": {
        "start": { "line": 23, "column": 0 },
        "end": { "line": 23, "column": 22 }
      },
      "19": {
        "start": { "line": 24, "column": 0 },
        "end": { "line": 24, "column": 27 }
      },
      "20": {
        "start": { "line": 25, "column": 0 },
        "end": { "line": 25, "column": 8 }
      },
      "21": {
        "start": { "line": 26, "column": 0 },
        "end": { "line": 26, "column": 3 }
      },
      "22": {
        "start": { "line": 27, "column": 0 },
        "end": { "line": 27, "column": 1 }
      }
    },
    "s": {
      "0": 2,
      "1": 2,
      "2": 2,
      "3": 2,
      "4": 10,
      "5": 10,
      "6": 10,
      "7": 10,
      "8": 2,
      "9": 10,
      "10": 6,
      "11": 6,
      "12": 6,
      "13": 6,
      "14": 8,
      "15": 8,
      "16": 6,
      "17": 6,
      "18": 6,
      "19": 6,
      "20": 6,
      "21": 10,
      "22": 2
    },
    "branchMap": {
      "0": {
        "type": "branch",
        "line": 5,
        "loc": {
          "start": { "line": 5, "column": 2 },
          "end": { "line": 5, "column": 53 }
        },
        "locations": [
          {
            "start": { "line": 5, "column": 2 },
            "end": { "line": 5, "column": 53 }
          }
        ]
      },
      "1": {
        "type": "branch",
        "line": 7,
        "loc": {
          "start": { "line": 7, "column": 9 },
          "end": { "line": 11, "column": 3 }
        },
        "locations": [
          {
            "start": { "line": 7, "column": 9 },
            "end": { "line": 11, "column": 3 }
          }
        ]
      },
      "2": {
        "type": "branch",
        "line": 8,
        "loc": {
          "start": { "line": 8, "column": 23 },
          "end": { "line": 8, "column": 34 }
        },
        "locations": [
          {
            "start": { "line": 8, "column": 23 },
            "end": { "line": 8, "column": 34 }
          }
        ]
      },
      "3": {
        "type": "branch",
        "line": 8,
        "loc": {
          "start": { "line": 8, "column": 37 },
          "end": { "line": 8, "column": 67 }
        },
        "locations": [
          {
            "start": { "line": 8, "column": 37 },
            "end": { "line": 8, "column": 67 }
          }
        ]
      },
      "4": {
        "type": "branch",
        "line": 8,
        "loc": {
          "start": { "line": 8, "column": 55 },
          "end": { "line": 8, "column": 66 }
        },
        "locations": [
          {
            "start": { "line": 8, "column": 55 },
            "end": { "line": 8, "column": 66 }
          }
        ]
      },
      "5": {
        "type": "branch",
        "line": 9,
        "loc": {
          "start": { "line": 9, "column": 19 },
          "end": { "line": 9, "column": 32 }
        },
        "locations": [
          {
            "start": { "line": 9, "column": 19 },
            "end": { "line": 9, "column": 32 }
          }
        ]
      },
      "6": {
        "type": "branch",
        "line": 13,
        "loc": {
          "start": { "line": 13, "column": 17 },
          "end": { "line": 26, "column": 3 }
        },
        "locations": [
          {
            "start": { "line": 13, "column": 17 },
            "end": { "line": 26, "column": 3 }
          }
        ]
      },
      "7": {
        "type": "branch",
        "line": 14,
        "loc": {
          "start": { "line": 14, "column": 22 },
          "end": { "line": 14, "column": 28 }
        },
        "locations": [
          {
            "start": { "line": 14, "column": 22 },
            "end": { "line": 14, "column": 28 }
          }
        ]
      },
      "8": {
        "type": "branch",
        "line": 14,
        "loc": {
          "start": { "line": 14, "column": 22 },
          "end": { "line": 25, "column": 8 }
        },
        "locations": [
          {
            "start": { "line": 14, "column": 22 },
            "end": { "line": 25, "column": 8 }
          }
        ]
      },
      "9": {
        "type": "branch",
        "line": 17,
        "loc": {
          "start": { "line": 17, "column": 12 },
          "end": { "line": 22, "column": 7 }
        },
        "locations": [
          {
            "start": { "line": 17, "column": 12 },
            "end": { "line": 22, "column": 7 }
          }
        ]
      },
      "10": {
        "type": "branch",
        "line": 18,
        "loc": {
          "start": { "line": 18, "column": 27 },
          "end": { "line": 21, "column": 9 }
        },
        "locations": [
          {
            "start": { "line": 18, "column": 27 },
            "end": { "line": 21, "column": 9 }
          }
        ]
      },
      "11": {
        "type": "branch",
        "line": 23,
        "loc": {
          "start": { "line": 23, "column": 15 },
          "end": { "line": 25, "column": 7 }
        },
        "locations": [
          {
            "start": { "line": 23, "column": 15 },
            "end": { "line": 25, "column": 7 }
          }
        ]
      }
    },
    "b": {
      "0": [3],
      "1": [10],
      "2": [4],
      "3": [2],
      "4": [0],
      "5": [4],
      "6": [10],
      "7": [4],
      "8": [6],
      "9": [6],
      "10": [8],
      "11": [6]
    },
    "fnMap": {
      "0": {
        "name": "<static_initializer>",
        "decl": {
          "start": { "line": 5, "column": 2 },
          "end": { "line": 5, "column": 53 }
        },
        "loc": {
          "start": { "line": 5, "column": 2 },
          "end": { "line": 5, "column": 53 }
        },
        "line": 5
      },
      "1": {
        "name": "addTask",
        "decl": {
          "start": { "line": 7, "column": 9 },
          "end": { "line": 11, "column": 3 }
        },
        "loc": {
          "start": { "line": 7, "column": 9 },
          "end": { "line": 11, "column": 3 }
        },
        "line": 7
      },
      "2": {
        "name": "run",
        "decl": {
          "start": { "line": 13, "column": 17 },
          "end": { "line": 26, "column": 3 }
        },
        "loc": {
          "start": { "line": 13, "column": 17 },
          "end": { "line": 26, "column": 3 }
        },
        "line": 13
      }
    },
    "f": { "0": 3, "1": 10, "2": 10 }
  },
  "F:\\Users\\Documents\\MyDocument\\study\\develop\\create-pseudo-transparent-icon\\src\\core\\utils\\createElement.ts": {
    "path": "F:\\Users\\Documents\\MyDocument\\study\\develop\\create-pseudo-transparent-icon\\src\\core\\utils\\createElement.ts",
    "all": false,
    "statementMap": {
      "0": {
        "start": { "line": 1, "column": 0 },
        "end": { "line": 1, "column": 41 }
      },
      "2": {
        "start": { "line": 3, "column": 0 },
        "end": { "line": 3, "column": 39 }
      },
      "3": {
        "start": { "line": 4, "column": 0 },
        "end": { "line": 4, "column": 14 }
      },
      "4": {
        "start": { "line": 5, "column": 0 },
        "end": { "line": 5, "column": 34 }
      },
      "5": {
        "start": { "line": 6, "column": 0 },
        "end": { "line": 6, "column": 25 }
      },
      "6": {
        "start": { "line": 7, "column": 0 },
        "end": { "line": 7, "column": 19 }
      },
      "7": {
        "start": { "line": 8, "column": 0 },
        "end": { "line": 8, "column": 40 }
      },
      "8": {
        "start": { "line": 9, "column": 0 },
        "end": { "line": 9, "column": 10 }
      },
      "9": {
        "start": { "line": 10, "column": 0 },
        "end": { "line": 10, "column": 28 }
      },
      "10": {
        "start": { "line": 11, "column": 0 },
        "end": { "line": 11, "column": 36 }
      },
      "11": {
        "start": { "line": 12, "column": 0 },
        "end": { "line": 12, "column": 5 }
      },
      "12": {
        "start": { "line": 13, "column": 0 },
        "end": { "line": 13, "column": 26 }
      },
      "13": {
        "start": { "line": 14, "column": 0 },
        "end": { "line": 14, "column": 33 }
      },
      "14": {
        "start": { "line": 15, "column": 0 },
        "end": { "line": 15, "column": 27 }
      },
      "15": {
        "start": { "line": 16, "column": 0 },
        "end": { "line": 16, "column": 6 }
      },
      "16": {
        "start": { "line": 17, "column": 0 },
        "end": { "line": 17, "column": 24 }
      },
      "17": {
        "start": { "line": 18, "column": 0 },
        "end": { "line": 18, "column": 53 }
      },
      "18": {
        "start": { "line": 19, "column": 0 },
        "end": { "line": 19, "column": 3 }
      },
      "19": {
        "start": { "line": 20, "column": 0 },
        "end": { "line": 20, "column": 11 }
      },
      "20": {
        "start": { "line": 21, "column": 0 },
        "end": { "line": 21, "column": 1 }
      },
      "22": {
        "start": { "line": 23, "column": 0 },
        "end": { "line": 23, "column": 28 }
      }
    },
    "s": {
      "0": 1,
      "2": 1,
      "3": 5,
      "4": 5,
      "5": 5,
      "6": 5,
      "7": 5,
      "8": 5,
      "9": 5,
      "10": 2,
      "11": 2,
      "12": 5,
      "13": 1,
      "14": 2,
      "15": 1,
      "16": 5,
      "17": 1,
      "18": 1,
      "19": 5,
      "20": 5,
      "22": 1
    },
    "branchMap": {
      "0": {
        "type": "branch",
        "line": 3,
        "loc": {
          "start": { "line": 3, "column": 22 },
          "end": { "line": 21, "column": 1 }
        },
        "locations": [
          {
            "start": { "line": 3, "column": 22 },
            "end": { "line": 21, "column": 1 }
          }
        ]
      },
      "1": {
        "type": "branch",
        "line": 10,
        "loc": {
          "start": { "line": 10, "column": 4 },
          "end": { "line": 12, "column": 5 }
        },
        "locations": [
          {
            "start": { "line": 10, "column": 4 },
            "end": { "line": 12, "column": 5 }
          }
        ]
      },
      "2": {
        "type": "branch",
        "line": 10,
        "loc": {
          "start": { "line": 10, "column": 27 },
          "end": { "line": 12, "column": 5 }
        },
        "locations": [
          {
            "start": { "line": 10, "column": 27 },
            "end": { "line": 12, "column": 5 }
          }
        ]
      },
      "3": {
        "type": "branch",
        "line": 13,
        "loc": {
          "start": { "line": 13, "column": 25 },
          "end": { "line": 17, "column": 13 }
        },
        "locations": [
          {
            "start": { "line": 13, "column": 25 },
            "end": { "line": 17, "column": 13 }
          }
        ]
      },
      "4": {
        "type": "branch",
        "line": 17,
        "loc": {
          "start": { "line": 17, "column": 2 },
          "end": { "line": 19, "column": 3 }
        },
        "locations": [
          {
            "start": { "line": 17, "column": 2 },
            "end": { "line": 19, "column": 3 }
          }
        ]
      },
      "5": {
        "type": "branch",
        "line": 17,
        "loc": {
          "start": { "line": 17, "column": 23 },
          "end": { "line": 19, "column": 3 }
        },
        "locations": [
          {
            "start": { "line": 17, "column": 23 },
            "end": { "line": 19, "column": 3 }
          }
        ]
      },
      "6": {
        "type": "branch",
        "line": 14,
        "loc": {
          "start": { "line": 14, "column": 21 },
          "end": { "line": 16, "column": 5 }
        },
        "locations": [
          {
            "start": { "line": 14, "column": 21 },
            "end": { "line": 16, "column": 5 }
          }
        ]
      }
    },
    "b": {
      "0": [5],
      "1": [3],
      "2": [2],
      "3": [1],
      "4": [4],
      "5": [1],
      "6": [2]
    },
    "fnMap": {
      "0": {
        "name": "createElement",
        "decl": {
          "start": { "line": 3, "column": 22 },
          "end": { "line": 21, "column": 1 }
        },
        "loc": {
          "start": { "line": 3, "column": 22 },
          "end": { "line": 21, "column": 1 }
        },
        "line": 3
      }
    },
    "f": { "0": 5 }
  },
  "F:\\Users\\Documents\\MyDocument\\study\\develop\\create-pseudo-transparent-icon\\src\\core\\utils\\shared.ts": {
    "path": "F:\\Users\\Documents\\MyDocument\\study\\develop\\create-pseudo-transparent-icon\\src\\core\\utils\\shared.ts",
    "all": false,
    "statementMap": {
      "0": {
        "start": { "line": 3, "column": 0 },
        "end": { "line": 3, "column": 27 }
      },
      "1": {
        "start": { "line": 4, "column": 0 },
        "end": { "line": 4, "column": 13 }
      },
      "2": {
        "start": { "line": 5, "column": 0 },
        "end": { "line": 5, "column": 68 }
      },
      "3": {
        "start": { "line": 7, "column": 0 },
        "end": { "line": 7, "column": 77 }
      },
      "4": {
        "start": { "line": 9, "column": 0 },
        "end": { "line": 9, "column": 58 }
      },
      "5": {
        "start": { "line": 10, "column": 0 },
        "end": { "line": 10, "column": 71 }
      },
      "6": {
        "start": { "line": 11, "column": 0 },
        "end": { "line": 11, "column": 1 }
      },
      "7": {
        "start": { "line": 13, "column": 0 },
        "end": { "line": 13, "column": 41 }
      },
      "8": {
        "start": { "line": 14, "column": 0 },
        "end": { "line": 14, "column": 14 }
      },
      "9": {
        "start": { "line": 15, "column": 0 },
        "end": { "line": 15, "column": 22 }
      },
      "10": {
        "start": { "line": 16, "column": 0 },
        "end": { "line": 16, "column": 61 }
      },
      "11": {
        "start": { "line": 18, "column": 0 },
        "end": { "line": 18, "column": 64 }
      },
      "12": {
        "start": { "line": 19, "column": 0 },
        "end": { "line": 19, "column": 27 }
      }
    },
    "s": {
      "0": 2,
      "1": 5,
      "2": 5,
      "3": 2,
      "4": 2,
      "5": 29,
      "6": 29,
      "7": 2,
      "8": 2,
      "9": 2,
      "10": 2,
      "11": 2,
      "12": 4
    },
    "branchMap": {
      "0": {
        "type": "branch",
        "line": 3,
        "loc": {
          "start": { "line": 3, "column": 26 },
          "end": { "line": 5, "column": 68 }
        },
        "locations": [
          {
            "start": { "line": 3, "column": 26 },
            "end": { "line": 5, "column": 68 }
          }
        ]
      },
      "1": {
        "type": "branch",
        "line": 7,
        "loc": {
          "start": { "line": 7, "column": 23 },
          "end": { "line": 7, "column": 77 }
        },
        "locations": [
          {
            "start": { "line": 7, "column": 23 },
            "end": { "line": 7, "column": 77 }
          }
        ]
      },
      "2": {
        "type": "branch",
        "line": 9,
        "loc": {
          "start": { "line": 9, "column": 24 },
          "end": { "line": 11, "column": 1 }
        },
        "locations": [
          {
            "start": { "line": 9, "column": 24 },
            "end": { "line": 11, "column": 1 }
          }
        ]
      },
      "3": {
        "type": "branch",
        "line": 10,
        "loc": {
          "start": { "line": 10, "column": 17 },
          "end": { "line": 10, "column": 52 }
        },
        "locations": [
          {
            "start": { "line": 10, "column": 17 },
            "end": { "line": 10, "column": 52 }
          }
        ]
      },
      "4": {
        "type": "branch",
        "line": 10,
        "loc": {
          "start": { "line": 10, "column": 40 },
          "end": { "line": 10, "column": 71 }
        },
        "locations": [
          {
            "start": { "line": 10, "column": 40 },
            "end": { "line": 10, "column": 71 }
          }
        ]
      },
      "5": {
        "type": "branch",
        "line": 13,
        "loc": {
          "start": { "line": 13, "column": 22 },
          "end": { "line": 16, "column": 61 }
        },
        "locations": [
          {
            "start": { "line": 13, "column": 22 },
            "end": { "line": 16, "column": 61 }
          }
        ]
      },
      "6": {
        "type": "branch",
        "line": 18,
        "loc": {
          "start": { "line": 18, "column": 29 },
          "end": { "line": 19, "column": 27 }
        },
        "locations": [
          {
            "start": { "line": 18, "column": 29 },
            "end": { "line": 19, "column": 27 }
          }
        ]
      }
    },
    "b": {
      "0": [5],
      "1": [38],
      "2": [29],
      "3": [27],
      "4": [7],
      "5": [2],
      "6": [4]
    },
    "fnMap": {
      "0": {
        "name": "isFunction",
        "decl": {
          "start": { "line": 3, "column": 26 },
          "end": { "line": 5, "column": 68 }
        },
        "loc": {
          "start": { "line": 3, "column": 26 },
          "end": { "line": 5, "column": 68 }
        },
        "line": 3
      },
      "1": {
        "name": "isArray",
        "decl": {
          "start": { "line": 7, "column": 23 },
          "end": { "line": 7, "column": 77 }
        },
        "loc": {
          "start": { "line": 7, "column": 23 },
          "end": { "line": 7, "column": 77 }
        },
        "line": 7
      },
      "2": {
        "name": "isObject",
        "decl": {
          "start": { "line": 9, "column": 24 },
          "end": { "line": 11, "column": 1 }
        },
        "loc": {
          "start": { "line": 9, "column": 24 },
          "end": { "line": 11, "column": 1 }
        },
        "line": 9
      },
      "3": {
        "name": "hasOwn",
        "decl": {
          "start": { "line": 13, "column": 22 },
          "end": { "line": 16, "column": 61 }
        },
        "loc": {
          "start": { "line": 13, "column": 22 },
          "end": { "line": 16, "column": 61 }
        },
        "line": 13
      },
      "4": {
        "name": "isHTMLElement",
        "decl": {
          "start": { "line": 18, "column": 29 },
          "end": { "line": 19, "column": 27 }
        },
        "loc": {
          "start": { "line": 18, "column": 29 },
          "end": { "line": 19, "column": 27 }
        },
        "line": 18
      }
    },
    "f": { "0": 5, "1": 38, "2": 29, "3": 2, "4": 4 }
  }
}
